<?xml version="1.0" encoding="UTF-8"?>
<?xml-stylesheet type="text/xsl" href="ivy-report.xsl"?>
<ivy-report version="1.0">
	<info
		organisation="default"
		module="default-ef6950"
		revision="0.1-SNAPSHOT"
		extra-scalaVersion="2.9.2"
		extra-sbtVersion="0.12"
		conf="test"
		confs="compile, runtime, test, provided, optional, compile-internal, runtime-internal, test-internal, plugin, sources, docs, pom"
		date="20130719134322"/>
	<dependencies>
		<module organisation="org.ensime" name="ensime-sbt-cmd">
			<revision name="0.1.1" status="release" pubdate="20130211182410" resolver="public" artresolver="public" homepage="http://github.com/aemoncannon/ensime-sbt-cmd" extra-scalaVersion="2.9.2" extra-sbtVersion="0.12" downloaded="true" searched="true" default="false" conf="default, default(compile), master, runtime, compile" position="0">
				<license name="BSD-style" url="http://www.opensource.org/licenses/bsd-license.php"/>
				<metadata-artifact status="successful" details="" size="1847" time="53" location="/Users/James/.ivy2/cache/scala_2.9.2/sbt_0.12/org.ensime/ensime-sbt-cmd/ivy-0.1.1.xml" searched="true" original-local-location="/Users/James/.ivy2/cache/scala_2.9.2/sbt_0.12/org.ensime/ensime-sbt-cmd/ivy-0.1.1.xml.original" origin-is-local="false" origin-location="http://repo1.maven.org/maven2/org/ensime/ensime-sbt-cmd_2.9.2_0.12/0.1.1/ensime-sbt-cmd-0.1.1.pom"/>
				<caller organisation="default" name="default-ef6950" conf="runtime, compile, test" rev="0.1.1" rev-constraint-default="0.1.1" rev-constraint-dynamic="0.1.1" callerrev="0.1-SNAPSHOT" extra-scalaVersion="2.9.2" extra-sbtVersion="0.12"/>
				<artifacts>
					<artifact name="ensime-sbt-cmd" type="jar" ext="jar" status="successful" details="" size="131619" time="437" location="/Users/James/.ivy2/cache/scala_2.9.2/sbt_0.12/org.ensime/ensime-sbt-cmd/jars/ensime-sbt-cmd-0.1.1.jar">
						<origin-location is-local="false" location="http://repo1.maven.org/maven2/org/ensime/ensime-sbt-cmd_2.9.2_0.12/0.1.1/ensime-sbt-cmd-0.1.1.jar"/>
					</artifact>
				</artifacts>
			</revision>
		</module>
	</dependencies>
</ivy-report>
